::1 - - [29/May/2024:21:58:02 +0200] "GET / HTTP/1.1" 200 903
::1 - - [29/May/2024:21:58:02 +0200] "GET /favicon.ico HTTP/1.1" 404 209
::1 - - [29/May/2024:21:58:04 +0200] "GET /images/ HTTP/1.1" 200 1072
::1 - - [29/May/2024:21:58:06 +0200] "GET /login.php HTTP/1.1" 200 248
::1 - - [29/May/2024:21:58:26 +0200] "GET /login.php HTTP/1.1" 200 4712
::1 - - [29/May/2024:21:58:26 +0200] "GET /styles.css HTTP/1.1" 404 208
::1 - - [29/May/2024:21:58:26 +0200] "GET /skatestock%20logo2.png HTTP/1.1" 404 218
::1 - - [29/May/2024:21:58:26 +0200] "GET /script.js HTTP/1.1" 404 207
::1 - - [29/May/2024:21:58:43 +0200] "GET /phpmyadmin HTTP/1.1" 301 241
::1 - - [29/May/2024:21:58:43 +0200] "GET /phpmyadmin/ HTTP/1.1" 200 8469
::1 - - [29/May/2024:21:58:43 +0200] "GET /phpmyadmin/themes/pmahomme/jquery/jquery-ui-1.9.2.custom.css HTTP/1.1" 200 32278
::1 - - [29/May/2024:21:58:43 +0200] "GET /phpmyadmin/themes/pmahomme/img/logo_right.png HTTP/1.1" 200 4548
::1 - - [29/May/2024:21:58:43 +0200] "GET /phpmyadmin/themes/dot.gif HTTP/1.1" 200 43
::1 - - [29/May/2024:21:58:43 +0200] "GET /phpmyadmin/phpmyadmin.css.php?server=1&lang=en&collation_connection=utf8_general_ci&token=e366e50f8526627f2b9a4d86f992e795&nocache=5142649021ltr HTTP/1.1" 200 88608
::1 - - [29/May/2024:21:58:43 +0200] "GET /phpmyadmin/js/messages.php?lang=en&db=&server=0&collation_connection=utf8_general_ci&token=6012133f83936235c3c3e85c8c291b77 HTTP/1.1" 200 16674
::1 - - [29/May/2024:21:58:43 +0200] "GET /phpmyadmin/js/get_image.js.php?theme=pmahomme HTTP/1.1" 200 6263
::1 - - [29/May/2024:21:58:43 +0200] "GET /phpmyadmin/js/get_scripts.js.php?scripts[]=jquery/jquery-1.8.3.js&scripts[]=ajax.js&scripts[]=keyhandler.js&scripts[]=jquery/jquery-ui-1.9.2.custom.js&scripts[]=jquery/jquery.sprintf.js&scripts[]=jquery/jquery.cookie.js&scripts[]=jquery/jquery.mousewheel.js&scripts[]=jquery/jquery.event.drag-2.2.js&scripts[]=jquery/jquery-ui-timepicker-addon.js&scripts[]=jquery/jquery.ba-hashchange-1.3.js&scripts[]=jquery/jquery.debounce-1.0.5.js&scripts[]=jquery/jquery.menuResizer-1.0.js&scripts[]=rte.js&scripts[]=functions.js&scripts[]=navigation.js&scripts[]=indexes.js&scripts[]=common.js&scripts[]=codemirror/lib/codemirror.js&scripts[]=codemirror/mode/mysql/mysql.js HTTP/1.1" 200 578562
::1 - - [29/May/2024:21:58:44 +0200] "GET /phpmyadmin/themes/pmahomme/img/sprites.png HTTP/1.1" 200 61899
::1 - - [29/May/2024:21:58:48 +0200] "POST /phpmyadmin/index.php HTTP/1.1" 302 -
::1 - - [29/May/2024:21:58:48 +0200] "GET /phpmyadmin/index.php?token=e366e50f8526627f2b9a4d86f992e795 HTTP/1.1" 200 43659
::1 - - [29/May/2024:21:58:48 +0200] "GET /phpmyadmin/themes/pmahomme/img/logo_left.png HTTP/1.1" 200 2327
::1 - - [29/May/2024:21:58:48 +0200] "GET /phpmyadmin/phpmyadmin.css.php?server=1&token=e366e50f8526627f2b9a4d86f992e795&nocache=6859661749ltr HTTP/1.1" 200 88608
::1 - - [29/May/2024:21:58:48 +0200] "GET /phpmyadmin/themes/pmahomme/img/ajax_clock_small.gif HTTP/1.1" 200 1810
::1 - - [29/May/2024:21:58:48 +0200] "GET /phpmyadmin/js/messages.php?lang=en&db=&server=0&token=e366e50f8526627f2b9a4d86f992e795 HTTP/1.1" 200 16674
::1 - - [29/May/2024:21:58:48 +0200] "GET /phpmyadmin/themes/pmahomme/img/left_nav_bg.png HTTP/1.1" 200 297
::1 - - [29/May/2024:21:58:48 +0200] "GET /phpmyadmin/version_check.php?&_nocache=1717012728562502133 HTTP/1.1" 200 39
::1 - - [29/May/2024:21:58:50 +0200] "GET /phpmyadmin/db_structure.php?server=1&db=gip2&token=e366e50f8526627f2b9a4d86f992e795&ajax_request=true&ajax_page_request=true&menuHashes=f769ac37&_nocache=1717012730643962016 HTTP/1.1" 200 25960
::1 - - [29/May/2024:21:58:50 +0200] "GET /phpmyadmin/themes/pmahomme/img/arrow_ltr.png HTTP/1.1" 200 139
::1 - - [29/May/2024:21:58:50 +0200] "GET /phpmyadmin/js/get_scripts.js.php?scripts[]=db_structure.js&scripts[]=tbl_change.js HTTP/1.1" 200 12382
::1 - - [29/May/2024:21:58:52 +0200] "GET /phpmyadmin/sql.php?db=gip2&token=e366e50f8526627f2b9a4d86f992e795&goto=db_structure.php&table=users&pos=0&ajax_request=true&ajax_page_request=true&menuHashes=f769ac37-f36e8cd0&_nocache=1717012732202243309 HTTP/1.1" 200 10035
::1 - - [29/May/2024:21:58:52 +0200] "GET /phpmyadmin/js/get_scripts.js.php?scripts[]=tbl_structure.js&scripts[]=gis_data_editor.js HTTP/1.1" 200 15188
::1 - - [29/May/2024:21:58:52 +0200] "GET /phpmyadmin/index.php?ajax_request=1&recent_table=1&token=e366e50f8526627f2b9a4d86f992e795 HTTP/1.1" 200 202
::1 - - [29/May/2024:21:58:55 +0200] "GET /phpmyadmin/tbl_structure.php?db=gip2&table=users&token=e366e50f8526627f2b9a4d86f992e795&ajax_request=true&ajax_page_request=true&menuHashes=f769ac37-f36e8cd0-5f080a63&_nocache=1717012735498422178 HTTP/1.1" 200 30389
::1 - - [29/May/2024:21:58:55 +0200] "GET /phpmyadmin/index.php?ajax_request=1&recent_table=1&token=e366e50f8526627f2b9a4d86f992e795 HTTP/1.1" 200 202
::1 - - [29/May/2024:21:59:39 +0200] "GET /login.php HTTP/1.1" 200 4712
::1 - - [29/May/2024:21:59:39 +0200] "GET /styles.css HTTP/1.1" 404 208
::1 - - [29/May/2024:21:59:39 +0200] "GET /skatestock%20logo2.png HTTP/1.1" 404 218
::1 - - [29/May/2024:21:59:39 +0200] "GET /script.js HTTP/1.1" 404 207
::1 - - [29/May/2024:22:00:21 +0200] "GET /login.php HTTP/1.1" 200 4712
::1 - - [29/May/2024:22:00:21 +0200] "GET /styles.css HTTP/1.1" 404 208
::1 - - [29/May/2024:22:00:21 +0200] "GET /skatestock%20logo2.png HTTP/1.1" 404 218
::1 - - [29/May/2024:22:00:21 +0200] "GET /script.js HTTP/1.1" 404 207
::1 - - [29/May/2024:22:01:55 +0200] "GET /login.php HTTP/1.1" 200 4484
::1 - - [29/May/2024:22:01:55 +0200] "GET /styles.css HTTP/1.1" 404 208
::1 - - [29/May/2024:22:01:55 +0200] "GET /script.js HTTP/1.1" 404 207
::1 - - [29/May/2024:22:01:55 +0200] "GET /skatestock%20logo2.png HTTP/1.1" 404 218
::1 - - [29/May/2024:22:02:13 +0200] "GET /login.php HTTP/1.1" 200 4280
::1 - - [29/May/2024:22:02:13 +0200] "GET /styles.css HTTP/1.1" 404 208
::1 - - [29/May/2024:22:02:13 +0200] "GET /script.js HTTP/1.1" 404 207
::1 - - [29/May/2024:22:02:13 +0200] "GET /skatestock%20logo2.png HTTP/1.1" 404 218
::1 - - [29/May/2024:22:03:02 +0200] "GET /login.php HTTP/1.1" 200 4274
::1 - - [29/May/2024:22:03:02 +0200] "GET /styles.css HTTP/1.1" 404 208
::1 - - [29/May/2024:22:03:02 +0200] "GET /skatestock%20logo2.png HTTP/1.1" 404 218
::1 - - [29/May/2024:22:03:02 +0200] "GET /script.js HTTP/1.1" 404 207
::1 - - [29/May/2024:22:03:58 +0200] "GET /login.php HTTP/1.1" 200 4226
::1 - - [29/May/2024:22:03:58 +0200] "GET /styles.css HTTP/1.1" 404 208
::1 - - [29/May/2024:22:03:58 +0200] "GET /script.js HTTP/1.1" 404 207
::1 - - [29/May/2024:22:03:58 +0200] "GET /skatestock%20logo2.png HTTP/1.1" 404 218
::1 - - [29/May/2024:22:03:59 +0200] "GET /styles.css HTTP/1.1" 404 208
::1 - - [29/May/2024:22:04:33 +0200] "GET /login.php HTTP/1.1" 200 2397
::1 - - [29/May/2024:22:04:33 +0200] "GET /styles.css HTTP/1.1" 404 208
::1 - - [29/May/2024:22:04:33 +0200] "GET /skatestock%20logo2.png HTTP/1.1" 404 218
::1 - - [29/May/2024:22:04:33 +0200] "GET /script.js HTTP/1.1" 404 207
::1 - - [29/May/2024:22:04:39 +0200] "POST /doorgeeflogin.php HTTP/1.1" 404 215
::1 - - [29/May/2024:22:04:41 +0200] "GET /login.php HTTP/1.1" 200 2397
::1 - - [29/May/2024:22:04:41 +0200] "GET /styles.css HTTP/1.1" 404 208
::1 - - [29/May/2024:22:04:41 +0200] "GET /script.js HTTP/1.1" 404 207
::1 - - [29/May/2024:22:04:41 +0200] "GET /skatestock%20logo2.png HTTP/1.1" 404 218
::1 - - [29/May/2024:22:05:13 +0200] "GET /login.php HTTP/1.1" 200 2396
::1 - - [29/May/2024:22:05:13 +0200] "GET /styles.css HTTP/1.1" 404 208
::1 - - [29/May/2024:22:05:13 +0200] "GET /skatestock%20logo2.png HTTP/1.1" 404 218
::1 - - [29/May/2024:22:05:13 +0200] "GET /script.js HTTP/1.1" 404 207
::1 - - [29/May/2024:22:05:16 +0200] "POST /login-post.php HTTP/1.1" 200 206
::1 - - [29/May/2024:22:05:27 +0200] "POST /login-post.php HTTP/1.1" 200 206
::1 - - [29/May/2024:22:05:39 +0200] "POST /login-post.php HTTP/1.1" 200 206
::1 - - [29/May/2024:22:06:52 +0200] "POST /login-post.php HTTP/1.1" 200 206
::1 - - [29/May/2024:22:07:48 +0200] "POST /login-post.php HTTP/1.1" 200 206
::1 - - [29/May/2024:22:08:09 +0200] "GET /phpmyadmin/db_structure.php?server=1&db=gip2&token=e366e50f8526627f2b9a4d86f992e795&ajax_request=true&ajax_page_request=true&menuHashes=f769ac37-f36e8cd0-5f080a63-7dc68f30&_nocache=1717013289056992709 HTTP/1.1" 200 22920
::1 - - [29/May/2024:22:08:12 +0200] "POST /login-post.php HTTP/1.1" 302 -
::1 - - [29/May/2024:22:08:12 +0200] "GET /login.php?error=1 HTTP/1.1" 200 2396
::1 - - [29/May/2024:22:08:13 +0200] "GET /styles.css HTTP/1.1" 404 208
::1 - - [29/May/2024:22:08:13 +0200] "GET /skatestock%20logo2.png HTTP/1.1" 404 218
::1 - - [29/May/2024:22:08:13 +0200] "GET /script.js HTTP/1.1" 404 207
::1 - - [29/May/2024:22:08:20 +0200] "GET /phpmyadmin/sql.php?db=gip2&token=e366e50f8526627f2b9a4d86f992e795&goto=db_structure.php&table=users&pos=0&ajax_request=true&ajax_page_request=true&menuHashes=f769ac37-f36e8cd0-5f080a63-7dc68f30&_nocache=1717013300024109465 HTTP/1.1" 200 7060
::1 - - [29/May/2024:22:08:20 +0200] "GET /phpmyadmin/index.php?ajax_request=1&recent_table=1&token=e366e50f8526627f2b9a4d86f992e795 HTTP/1.1" 200 202
::1 - - [29/May/2024:22:08:21 +0200] "GET /phpmyadmin/tbl_structure.php?db=gip2&table=users&token=e366e50f8526627f2b9a4d86f992e795&ajax_request=true&ajax_page_request=true&menuHashes=f769ac37-f36e8cd0-5f080a63-7dc68f30&_nocache=1717013301216232764 HTTP/1.1" 200 27414
::1 - - [29/May/2024:22:08:21 +0200] "GET /phpmyadmin/index.php?ajax_request=1&recent_table=1&token=e366e50f8526627f2b9a4d86f992e795 HTTP/1.1" 200 202
::1 - - [29/May/2024:22:08:22 +0200] "GET /phpmyadmin/sql.php?db=gip2&table=users&token=e366e50f8526627f2b9a4d86f992e795&pos=0&ajax_request=true&ajax_page_request=true&menuHashes=f769ac37-f36e8cd0-5f080a63-7dc68f30&_nocache=171701330232866940 HTTP/1.1" 200 7060
::1 - - [29/May/2024:22:08:22 +0200] "GET /phpmyadmin/index.php?ajax_request=1&recent_table=1&token=e366e50f8526627f2b9a4d86f992e795 HTTP/1.1" 200 202
::1 - - [29/May/2024:22:08:22 +0200] "GET /phpmyadmin/tbl_sql.php?db=gip2&table=users&token=e366e50f8526627f2b9a4d86f992e795&ajax_request=true&ajax_page_request=true&menuHashes=f769ac37-f36e8cd0-5f080a63-7dc68f30&_nocache=1717013302920623454 HTTP/1.1" 200 8188
::1 - - [29/May/2024:22:08:22 +0200] "GET /phpmyadmin/js/get_scripts.js.php?scripts[]=makegrid.js&scripts[]=sql.js HTTP/1.1" 200 35099
::1 - - [29/May/2024:22:08:23 +0200] "GET /phpmyadmin/index.php?ajax_request=1&recent_table=1&token=e366e50f8526627f2b9a4d86f992e795 HTTP/1.1" 200 202
::1 - - [29/May/2024:22:08:24 +0200] "GET /phpmyadmin/sql.php?db=gip2&table=users&token=e366e50f8526627f2b9a4d86f992e795&pos=0&ajax_request=true&ajax_page_request=true&menuHashes=f769ac37-f36e8cd0-5f080a63-7dc68f30-9fce6544&_nocache=1717013304304374708 HTTP/1.1" 200 7060
::1 - - [29/May/2024:22:08:24 +0200] "GET /phpmyadmin/index.php?ajax_request=1&recent_table=1&token=e366e50f8526627f2b9a4d86f992e795 HTTP/1.1" 200 202
::1 - - [29/May/2024:22:08:26 +0200] "GET /phpmyadmin/navigation.php?ajax_request=1&token=e366e50f8526627f2b9a4d86f992e795&aPath=cm9vdA%3D%3D.Z2lwMg%3D%3D&vPath=cm9vdA%3D%3D.Z2lwMg%3D%3D&pos=0&pos2_name=&pos2_value=&searchClause=&searchClause2=&_nocache=1717013306529779661 HTTP/1.1" 200 5132
::1 - - [29/May/2024:22:08:27 +0200] "GET /phpmyadmin/sql.php?server=1&db=gip2&table=users&pos=0&token=e366e50f8526627f2b9a4d86f992e795&ajax_request=true&ajax_page_request=true&menuHashes=f769ac37-f36e8cd0-5f080a63-7dc68f30-9fce6544&_nocache=1717013307784220800 HTTP/1.1" 200 7062
::1 - - [29/May/2024:22:08:27 +0200] "GET /phpmyadmin/index.php?ajax_request=1&recent_table=1&token=e366e50f8526627f2b9a4d86f992e795 HTTP/1.1" 200 202
::1 - - [29/May/2024:22:08:30 +0200] "GET /phpmyadmin/tbl_structure.php?db=gip2&table=users&token=e366e50f8526627f2b9a4d86f992e795&ajax_request=true&ajax_page_request=true&menuHashes=f769ac37-f36e8cd0-5f080a63-7dc68f30-9fce6544&_nocache=1717013310040413354 HTTP/1.1" 200 27414
::1 - - [29/May/2024:22:08:30 +0200] "GET /phpmyadmin/index.php?ajax_request=1&recent_table=1&token=e366e50f8526627f2b9a4d86f992e795 HTTP/1.1" 200 202
::1 - - [29/May/2024:22:08:31 +0200] "GET /phpmyadmin/tbl_change.php?db=gip2&table=users&token=e366e50f8526627f2b9a4d86f992e795&ajax_request=true&ajax_page_request=true&menuHashes=f769ac37-f36e8cd0-5f080a63-7dc68f30-9fce6544&_nocache=1717013311776621101 HTTP/1.1" 200 38795
::1 - - [29/May/2024:22:08:31 +0200] "GET /phpmyadmin/index.php?ajax_request=1&recent_table=1&token=e366e50f8526627f2b9a4d86f992e795 HTTP/1.1" 200 202
::1 - - [29/May/2024:22:08:46 +0200] "POST /phpmyadmin/tbl_replace.php HTTP/1.1" 200 9108
::1 - - [29/May/2024:22:08:46 +0200] "GET /phpmyadmin/index.php?ajax_request=1&recent_table=1&token=e366e50f8526627f2b9a4d86f992e795 HTTP/1.1" 200 202
::1 - - [29/May/2024:22:08:47 +0200] "GET /phpmyadmin/tbl_structure.php?db=gip2&table=users&token=e366e50f8526627f2b9a4d86f992e795&ajax_request=true&ajax_page_request=true&menuHashes=f769ac37-f36e8cd0-5f080a63-7dc68f30-9fce6544-809f4824&_nocache=171701332792092375 HTTP/1.1" 200 27414
::1 - - [29/May/2024:22:08:48 +0200] "GET /phpmyadmin/index.php?ajax_request=1&recent_table=1&token=e366e50f8526627f2b9a4d86f992e795 HTTP/1.1" 200 202
::1 - - [29/May/2024:22:08:49 +0200] "GET /phpmyadmin/sql.php?db=gip2&table=users&token=e366e50f8526627f2b9a4d86f992e795&pos=0&ajax_request=true&ajax_page_request=true&menuHashes=f769ac37-f36e8cd0-5f080a63-7dc68f30-9fce6544-809f4824&_nocache=1717013329880325362 HTTP/1.1" 200 16659
::1 - - [29/May/2024:22:08:50 +0200] "GET /phpmyadmin/themes/pmahomme/img/col_drop.png HTTP/1.1" 200 132
::1 - - [29/May/2024:22:08:50 +0200] "GET /phpmyadmin/themes/pmahomme/img/col_pointer.png HTTP/1.1" 200 113
::1 - - [29/May/2024:22:08:50 +0200] "GET /phpmyadmin/themes/pmahomme/img/s_fulltext.png HTTP/1.1" 200 193
::1 - - [29/May/2024:22:08:50 +0200] "GET /phpmyadmin/index.php?ajax_request=1&recent_table=1&token=e366e50f8526627f2b9a4d86f992e795 HTTP/1.1" 200 202
::1 - - [29/May/2024:22:08:55 +0200] "POST /login-post.php HTTP/1.1" 302 -
::1 - - [29/May/2024:22:08:55 +0200] "GET /home.php HTTP/1.1" 200 7645
::1 - - [29/May/2024:22:08:55 +0200] "GET /images/wolf.png HTTP/1.1" 200 59744
::1 - - [29/May/2024:22:08:55 +0200] "GET /Images/wolf.png HTTP/1.1" 200 59744
::1 - - [29/May/2024:22:08:55 +0200] "GET /css/main.css HTTP/1.1" 200 5758
::1 - - [29/May/2024:22:08:55 +0200] "GET /css/home.css HTTP/1.1" 200 266
::1 - - [29/May/2024:22:08:55 +0200] "GET /fonts/Halyard%20Display.ttf HTTP/1.1" 200 98468
::1 - - [29/May/2024:22:08:55 +0200] "GET /images/home.mov HTTP/1.1" 206 41179649
::1 - - [29/May/2024:22:08:55 +0200] "GET /images/home.mov HTTP/1.1" 206 23041
::1 - - [29/May/2024:22:08:55 +0200] "GET /images/home.mov HTTP/1.1" 206 39541249
::1 - - [29/May/2024:22:08:57 +0200] "GET /images/home.mov HTTP/1.1" 206 5036545
::1 - - [29/May/2024:22:08:57 +0200] "GET /images/home.mov HTTP/1.1" 206 4086273
::1 - - [29/May/2024:22:08:57 +0200] "GET /images/home.mov HTTP/1.1" 206 2841089
::1 - - [29/May/2024:22:08:58 +0200] "GET /images/home.mov HTTP/1.1" 206 1989121
::1 - - [29/May/2024:22:08:58 +0200] "GET /fonts/Halyard-Display-Light.ttf HTTP/1.1" 200 101716
::1 - - [29/May/2024:22:09:12 +0200] "GET /images/home.mov HTTP/1.1" 206 41179649
::1 - - [29/May/2024:22:09:12 +0200] "GET /images/home.mov HTTP/1.1" 206 34331137
::1 - - [29/May/2024:22:09:14 +0200] "GET /images/home.mov HTTP/1.1" 206 317953
::1 - - [29/May/2024:22:09:14 +0200] "GET /about.php HTTP/1.1" 200 8243
::1 - - [29/May/2024:22:09:14 +0200] "GET /css/main.css HTTP/1.1" 200 5758
::1 - - [29/May/2024:22:09:14 +0200] "GET /images/wolf.png HTTP/1.1" 200 59744
::1 - - [29/May/2024:22:09:14 +0200] "GET /Images/wolf.png HTTP/1.1" 200 59744
::1 - - [29/May/2024:22:09:14 +0200] "GET /css/about.css HTTP/1.1" 200 192
::1 - - [29/May/2024:22:09:14 +0200] "GET /fonts/Halyard%20Display.ttf HTTP/1.1" 200 98468
::1 - - [29/May/2024:22:09:15 +0200] "GET /fonts/Halyard-Display-Light.ttf HTTP/1.1" 200 101716
::1 - - [29/May/2024:22:09:16 +0200] "GET /shop.php HTTP/1.1" 200 15144
::1 - - [29/May/2024:22:09:16 +0200] "GET /css/main.css HTTP/1.1" 200 5758
::1 - - [29/May/2024:22:09:16 +0200] "GET /Images/wolf.png HTTP/1.1" 200 59744
::1 - - [29/May/2024:22:09:16 +0200] "GET /css/shop.css HTTP/1.1" 200 1810
::1 - - [29/May/2024:22:09:16 +0200] "GET /images/search.svg HTTP/1.1" 200 1803
::1 - - [29/May/2024:22:09:16 +0200] "GET /images/products/7_1.jpg HTTP/1.1" 200 4335
::1 - - [29/May/2024:22:09:16 +0200] "GET /fonts/Halyard%20Display.ttf HTTP/1.1" 200 98468
::1 - - [29/May/2024:22:09:16 +0200] "GET /images/products/2_1.jpg HTTP/1.1" 200 13675
::1 - - [29/May/2024:22:09:16 +0200] "GET /images/products/1_1.jpg HTTP/1.1" 200 60174
::1 - - [29/May/2024:22:09:16 +0200] "GET /images/products/3_1.jpg HTTP/1.1" 200 146140
::1 - - [29/May/2024:22:09:16 +0200] "GET /images/products/4_1.jpg HTTP/1.1" 200 792001
::1 - - [29/May/2024:22:09:16 +0200] "GET /images/wolf.png HTTP/1.1" 200 59744
::1 - - [29/May/2024:22:09:16 +0200] "GET /images/products/6_1.jpg HTTP/1.1" 200 74640
::1 - - [29/May/2024:22:09:16 +0200] "GET /images/products/5_1.jpg HTTP/1.1" 200 7870
::1 - - [29/May/2024:22:09:16 +0200] "GET /fonts/Halyard-Display-Light.ttf HTTP/1.1" 200 101716
::1 - - [29/May/2024:22:09:18 +0200] "GET /home.php HTTP/1.1" 200 7645
::1 - - [29/May/2024:22:09:18 +0200] "GET /css/main.css HTTP/1.1" 200 5758
::1 - - [29/May/2024:22:09:18 +0200] "GET /css/home.css HTTP/1.1" 200 266
::1 - - [29/May/2024:22:09:18 +0200] "GET /Images/wolf.png HTTP/1.1" 200 59744
::1 - - [29/May/2024:22:09:18 +0200] "GET /images/wolf.png HTTP/1.1" 200 59744
::1 - - [29/May/2024:22:09:18 +0200] "GET /fonts/Halyard%20Display.ttf HTTP/1.1" 200 98468
::1 - - [29/May/2024:22:09:18 +0200] "GET /images/home.mov HTTP/1.1" 206 41179649
::1 - - [29/May/2024:22:09:18 +0200] "GET /images/home.mov HTTP/1.1" 206 23041
::1 - - [29/May/2024:22:09:18 +0200] "GET /images/home.mov HTTP/1.1" 206 40589825
::1 - - [29/May/2024:22:09:18 +0200] "GET /fonts/Halyard-Display-Light.ttf HTTP/1.1" 200 101716
::1 - - [29/May/2024:22:09:19 +0200] "GET /images/home.mov HTTP/1.1" 206 3824129
::1 - - [29/May/2024:22:09:19 +0200] "GET /images/home.mov HTTP/1.1" 206 2841089
::1 - - [29/May/2024:22:09:39 +0200] "GET /images/home.mov HTTP/1.1" 206 39541249
::1 - - [29/May/2024:22:09:39 +0200] "GET /images/home.mov HTTP/1.1" 206 36100609
::1 - - [29/May/2024:22:09:39 +0200] "GET /images/home.mov HTTP/1.1" 206 5003777
::1 - - [29/May/2024:22:09:39 +0200] "GET /home.php HTTP/1.1" 200 7645
::1 - - [29/May/2024:22:09:39 +0200] "GET /css/home.css HTTP/1.1" 200 266
::1 - - [29/May/2024:22:09:39 +0200] "GET /Images/wolf.png HTTP/1.1" 200 59744
::1 - - [29/May/2024:22:09:39 +0200] "GET /images/wolf.png HTTP/1.1" 200 59744
::1 - - [29/May/2024:22:09:39 +0200] "GET /css/main.css HTTP/1.1" 200 5758
::1 - - [29/May/2024:22:09:39 +0200] "GET /fonts/Halyard%20Display.ttf HTTP/1.1" 200 98468
::1 - - [29/May/2024:22:09:39 +0200] "GET /images/home.mov HTTP/1.1" 206 41179649
::1 - - [29/May/2024:22:09:39 +0200] "GET /images/home.mov HTTP/1.1" 206 23041
::1 - - [29/May/2024:22:09:39 +0200] "GET /images/home.mov HTTP/1.1" 206 37411329
::1 - - [29/May/2024:22:09:39 +0200] "GET /images/home.mov HTTP/1.1" 206 37411329
::1 - - [29/May/2024:22:09:39 +0200] "GET /images/home.mov HTTP/1.1" 206 15653377
::1 - - [29/May/2024:22:09:40 +0200] "GET /fonts/Halyard-Display-Light.ttf HTTP/1.1" 200 101716
::1 - - [29/May/2024:22:09:45 +0200] "GET /shop.php HTTP/1.1" 200 15144
::1 - - [29/May/2024:22:09:45 +0200] "GET /css/main.css HTTP/1.1" 200 5758
::1 - - [29/May/2024:22:09:45 +0200] "GET /css/shop.css HTTP/1.1" 200 1810
::1 - - [29/May/2024:22:09:45 +0200] "GET /images/search.svg HTTP/1.1" 200 1803
::1 - - [29/May/2024:22:09:45 +0200] "GET /Images/wolf.png HTTP/1.1" 200 59744
::1 - - [29/May/2024:22:09:45 +0200] "GET /images/products/7_1.jpg HTTP/1.1" 200 4335
::1 - - [29/May/2024:22:09:45 +0200] "GET /images/products/2_1.jpg HTTP/1.1" 200 13675
::1 - - [29/May/2024:22:09:45 +0200] "GET /images/products/3_1.jpg HTTP/1.1" 200 146140
::1 - - [29/May/2024:22:09:45 +0200] "GET /images/products/4_1.jpg HTTP/1.1" 200 792001
::1 - - [29/May/2024:22:09:45 +0200] "GET /images/products/1_1.jpg HTTP/1.1" 200 60174
::1 - - [29/May/2024:22:09:45 +0200] "GET /images/products/6_1.jpg HTTP/1.1" 200 74640
::1 - - [29/May/2024:22:09:45 +0200] "GET /images/products/5_1.jpg HTTP/1.1" 200 7870
::1 - - [29/May/2024:22:09:45 +0200] "GET /images/wolf.png HTTP/1.1" 200 59744
::1 - - [29/May/2024:22:09:45 +0200] "GET /fonts/Halyard%20Display.ttf HTTP/1.1" 200 98468
::1 - - [29/May/2024:22:09:45 +0200] "GET /fonts/Halyard-Display-Light.ttf HTTP/1.1" 200 101716
::1 - - [29/May/2024:22:09:47 +0200] "GET /home.php HTTP/1.1" 200 7645
::1 - - [29/May/2024:22:09:47 +0200] "GET /css/main.css HTTP/1.1" 200 5758
::1 - - [29/May/2024:22:09:47 +0200] "GET /css/home.css HTTP/1.1" 200 266
::1 - - [29/May/2024:22:09:47 +0200] "GET /Images/wolf.png HTTP/1.1" 200 59744
::1 - - [29/May/2024:22:09:47 +0200] "GET /images/wolf.png HTTP/1.1" 200 59744
::1 - - [29/May/2024:22:09:47 +0200] "GET /fonts/Halyard%20Display.ttf HTTP/1.1" 200 98468
::1 - - [29/May/2024:22:09:47 +0200] "GET /images/home.mov HTTP/1.1" 206 41179649
::1 - - [29/May/2024:22:09:47 +0200] "GET /images/home.mov HTTP/1.1" 206 23041
::1 - - [29/May/2024:22:09:47 +0200] "GET /images/home.mov HTTP/1.1" 206 40327681
::1 - - [29/May/2024:22:09:55 +0200] "GET /fonts/Halyard-Display-Light.ttf HTTP/1.1" 200 101716
::1 - - [29/May/2024:22:09:57 +0200] "GET /admin-shop.php HTTP/1.1" 200 30361
::1 - - [29/May/2024:22:09:57 +0200] "GET /css/main.css HTTP/1.1" 200 5758
::1 - - [29/May/2024:22:09:57 +0200] "GET /images/search.svg HTTP/1.1" 200 1803
::1 - - [29/May/2024:22:09:57 +0200] "GET /Images/wolf.png HTTP/1.1" 200 59744
::1 - - [29/May/2024:22:09:57 +0200] "GET /images/products/7_1.jpg HTTP/1.1" 200 4335
::1 - - [29/May/2024:22:09:57 +0200] "GET /css/admin-shop.css HTTP/1.1" 200 3209
::1 - - [29/May/2024:22:09:57 +0200] "GET /images/products/2_1.jpg HTTP/1.1" 200 13675
::1 - - [29/May/2024:22:09:57 +0200] "GET /images/products/4_1.jpg HTTP/1.1" 200 792001
::1 - - [29/May/2024:22:09:57 +0200] "GET /images/products/3_1.jpg HTTP/1.1" 200 146140
::1 - - [29/May/2024:22:09:57 +0200] "GET /images/products/1_1.jpg HTTP/1.1" 200 60174
::1 - - [29/May/2024:22:09:57 +0200] "GET /images/products/6_1.jpg HTTP/1.1" 200 74640
::1 - - [29/May/2024:22:09:57 +0200] "GET /images/plus.svg HTTP/1.1" 200 1287
::1 - - [29/May/2024:22:09:57 +0200] "GET /images/products/5_1.jpg HTTP/1.1" 200 7870
::1 - - [29/May/2024:22:09:57 +0200] "GET /images/wolf.png HTTP/1.1" 200 59744
::1 - - [29/May/2024:22:09:57 +0200] "GET /fonts/Halyard%20Display.ttf HTTP/1.1" 200 98468
::1 - - [29/May/2024:22:09:57 +0200] "GET /images/delete.svg HTTP/1.1" 200 518
::1 - - [29/May/2024:22:10:06 +0200] "GET /css/main.css HTTP/1.1" 304 -
::1 - - [29/May/2024:22:10:09 +0200] "GET /login.php HTTP/1.1" 200 2396
::1 - - [29/May/2024:22:10:09 +0200] "GET /styles.css HTTP/1.1" 404 208
::1 - - [29/May/2024:22:10:09 +0200] "GET /skatestock%20logo2.png HTTP/1.1" 404 218
::1 - - [29/May/2024:22:10:09 +0200] "GET /script.js HTTP/1.1" 404 207
::1 - - [29/May/2024:22:10:16 +0200] "GET /login.php HTTP/1.1" 200 2396
::1 - - [29/May/2024:22:10:16 +0200] "GET /styles.css HTTP/1.1" 404 208
::1 - - [29/May/2024:22:10:16 +0200] "GET /skatestock%20logo2.png HTTP/1.1" 404 218
::1 - - [29/May/2024:22:10:16 +0200] "GET /script.js HTTP/1.1" 404 207
::1 - - [29/May/2024:22:10:19 +0200] "POST /login-post.php HTTP/1.1" 302 -
::1 - - [29/May/2024:22:10:19 +0200] "GET /login.php?error=1 HTTP/1.1" 200 2396
::1 - - [29/May/2024:22:10:19 +0200] "GET /styles.css HTTP/1.1" 404 208
::1 - - [29/May/2024:22:10:19 +0200] "GET /skatestock%20logo2.png HTTP/1.1" 404 218
::1 - - [29/May/2024:22:10:19 +0200] "GET /script.js HTTP/1.1" 404 207
::1 - - [29/May/2024:22:10:23 +0200] "POST /login-post.php HTTP/1.1" 302 -
::1 - - [29/May/2024:22:10:23 +0200] "GET /home.php HTTP/1.1" 200 7645
::1 - - [29/May/2024:22:10:23 +0200] "GET /css/main.css HTTP/1.1" 200 5758
::1 - - [29/May/2024:22:10:23 +0200] "GET /css/home.css HTTP/1.1" 200 266
::1 - - [29/May/2024:22:10:23 +0200] "GET /images/wolf.png HTTP/1.1" 200 59744
::1 - - [29/May/2024:22:10:23 +0200] "GET /Images/wolf.png HTTP/1.1" 200 59744
::1 - - [29/May/2024:22:10:23 +0200] "GET /fonts/Halyard%20Display.ttf HTTP/1.1" 200 98468
::1 - - [29/May/2024:22:10:23 +0200] "GET /images/home.mov HTTP/1.1" 206 41179649
::1 - - [29/May/2024:22:10:23 +0200] "GET /images/home.mov HTTP/1.1" 206 23041
::1 - - [29/May/2024:22:10:23 +0200] "GET /images/home.mov HTTP/1.1" 206 40917505
::1 - - [29/May/2024:22:10:24 +0200] "GET /images/home.mov HTTP/1.1" 206 4905473
::1 - - [29/May/2024:22:10:24 +0200] "GET /images/home.mov HTTP/1.1" 206 4086273
::1 - - [29/May/2024:22:10:25 +0200] "GET /images/home.mov HTTP/1.1" 206 2710017
::1 - - [29/May/2024:22:10:25 +0200] "GET /images/home.mov HTTP/1.1" 206 1989121
::1 - - [29/May/2024:22:10:26 +0200] "GET /fonts/Halyard-Display-Light.ttf HTTP/1.1" 200 101716
::1 - - [29/May/2024:22:11:07 +0200] "GET /images/home.mov HTTP/1.1" 206 32365057
::1 - - [29/May/2024:22:11:07 +0200] "GET /images/home.mov HTTP/1.1" 206 711169
::1 - - [29/May/2024:22:11:08 +0200] "GET /home.php HTTP/1.1" 200 7823
::1 - - [29/May/2024:22:11:08 +0200] "GET /css/main.css HTTP/1.1" 200 5758
::1 - - [29/May/2024:22:11:08 +0200] "GET /css/home.css HTTP/1.1" 200 266
::1 - - [29/May/2024:22:11:08 +0200] "GET /Images/wolf.png HTTP/1.1" 200 59744
::1 - - [29/May/2024:22:11:08 +0200] "GET /images/wolf.png HTTP/1.1" 200 59744
::1 - - [29/May/2024:22:11:08 +0200] "GET /fonts/Halyard%20Display.ttf HTTP/1.1" 200 98468
::1 - - [29/May/2024:22:11:08 +0200] "GET /images/home.mov HTTP/1.1" 206 41179649
::1 - - [29/May/2024:22:11:08 +0200] "GET /images/home.mov HTTP/1.1" 206 23041
::1 - - [29/May/2024:22:11:08 +0200] "GET /images/home.mov HTTP/1.1" 206 40425985
::1 - - [29/May/2024:22:11:08 +0200] "GET /images/home.mov HTTP/1.1" 206 8247809
::1 - - [29/May/2024:22:11:09 +0200] "GET /fonts/Halyard-Display-Light.ttf HTTP/1.1" 200 101716
::1 - - [29/May/2024:22:12:30 +0200] "GET /images/home.mov HTTP/1.1" 206 514561
::1 - - [29/May/2024:22:12:31 +0200] "GET /home.php HTTP/1.1" 200 7656
::1 - - [29/May/2024:22:12:31 +0200] "GET /css/main.css HTTP/1.1" 200 5758
::1 - - [29/May/2024:22:12:31 +0200] "GET /css/home.css HTTP/1.1" 200 266
::1 - - [29/May/2024:22:12:31 +0200] "GET /images/wolf.png HTTP/1.1" 200 59744
::1 - - [29/May/2024:22:12:31 +0200] "GET /Images/wolf.png HTTP/1.1" 200 59744
::1 - - [29/May/2024:22:12:31 +0200] "GET /fonts/Halyard%20Display.ttf HTTP/1.1" 200 98468
::1 - - [29/May/2024:22:12:31 +0200] "GET /images/home.mov HTTP/1.1" 206 41179649
::1 - - [29/May/2024:22:12:31 +0200] "GET /images/home.mov HTTP/1.1" 206 23041
::1 - - [29/May/2024:22:12:31 +0200] "GET /images/home.mov HTTP/1.1" 206 38328833
::1 - - [29/May/2024:22:12:31 +0200] "GET /images/home.mov HTTP/1.1" 206 15653377
::1 - - [29/May/2024:22:12:31 +0200] "GET /fonts/Halyard-Display-Light.ttf HTTP/1.1" 200 101716
::1 - - [29/May/2024:22:12:56 +0200] "GET /home.php HTTP/1.1" 200 7658
::1 - - [29/May/2024:22:12:56 +0200] "GET /css/main.css HTTP/1.1" 200 5758
::1 - - [29/May/2024:22:12:56 +0200] "GET /css/home.css HTTP/1.1" 200 266
::1 - - [29/May/2024:22:12:56 +0200] "GET /Images/wolf.png HTTP/1.1" 200 59744
::1 - - [29/May/2024:22:12:56 +0200] "GET /images/wolf.png HTTP/1.1" 200 59744
::1 - - [29/May/2024:22:12:56 +0200] "GET /fonts/Halyard%20Display.ttf HTTP/1.1" 200 98468
::1 - - [29/May/2024:22:12:56 +0200] "GET /images/home.mov HTTP/1.1" 206 41179649
::1 - - [29/May/2024:22:12:56 +0200] "GET /fonts/Halyard-Display-Light.ttf HTTP/1.1" 200 101716
::1 - - [29/May/2024:22:13:04 +0200] "GET /home.php HTTP/1.1" 200 7825
::1 - - [29/May/2024:22:13:04 +0200] "GET /css/main.css HTTP/1.1" 200 5758
::1 - - [29/May/2024:22:13:04 +0200] "GET /Images/wolf.png HTTP/1.1" 200 59744
::1 - - [29/May/2024:22:13:04 +0200] "GET /css/home.css HTTP/1.1" 200 266
::1 - - [29/May/2024:22:13:04 +0200] "GET /images/wolf.png HTTP/1.1" 200 59744
::1 - - [29/May/2024:22:13:04 +0200] "GET /fonts/Halyard%20Display.ttf HTTP/1.1" 200 98468
::1 - - [29/May/2024:22:13:04 +0200] "GET /images/home.mov HTTP/1.1" 206 41179649
::1 - - [29/May/2024:22:13:05 +0200] "GET /fonts/Halyard-Display-Light.ttf HTTP/1.1" 200 101716
::1 - - [29/May/2024:22:13:07 +0200] "GET /admin-shop.php HTTP/1.1" 200 30541
::1 - - [29/May/2024:22:13:07 +0200] "GET /css/main.css HTTP/1.1" 200 5758
::1 - - [29/May/2024:22:13:07 +0200] "GET /css/admin-shop.css HTTP/1.1" 200 3209
::1 - - [29/May/2024:22:13:07 +0200] "GET /Images/wolf.png HTTP/1.1" 200 59744
::1 - - [29/May/2024:22:13:07 +0200] "GET /images/search.svg HTTP/1.1" 200 1803
::1 - - [29/May/2024:22:13:07 +0200] "GET /images/plus.svg HTTP/1.1" 200 1287
::1 - - [29/May/2024:22:13:07 +0200] "GET /images/delete.svg HTTP/1.1" 200 518
::1 - - [29/May/2024:22:13:07 +0200] "GET /images/products/7_1.jpg HTTP/1.1" 200 4335
::1 - - [29/May/2024:22:13:07 +0200] "GET /images/products/4_1.jpg HTTP/1.1" 200 792001
::1 - - [29/May/2024:22:13:07 +0200] "GET /images/products/3_1.jpg HTTP/1.1" 200 146140
::1 - - [29/May/2024:22:13:07 +0200] "GET /images/products/6_1.jpg HTTP/1.1" 200 74640
::1 - - [29/May/2024:22:13:07 +0200] "GET /images/products/1_1.jpg HTTP/1.1" 200 60174
::1 - - [29/May/2024:22:13:07 +0200] "GET /images/products/5_1.jpg HTTP/1.1" 200 7870
::1 - - [29/May/2024:22:13:07 +0200] "GET /images/products/2_1.jpg HTTP/1.1" 200 13675
::1 - - [29/May/2024:22:13:07 +0200] "GET /images/wolf.png HTTP/1.1" 200 59744
::1 - - [29/May/2024:22:13:07 +0200] "GET /fonts/Halyard%20Display.ttf HTTP/1.1" 200 98468
::1 - - [29/May/2024:22:13:10 +0200] "GET /login.php HTTP/1.1" 200 2396
::1 - - [29/May/2024:22:13:10 +0200] "GET /styles.css HTTP/1.1" 404 208
::1 - - [29/May/2024:22:13:10 +0200] "GET /skatestock%20logo2.png HTTP/1.1" 404 218
::1 - - [29/May/2024:22:13:10 +0200] "GET /script.js HTTP/1.1" 404 207
::1 - - [29/May/2024:22:13:14 +0200] "POST /login-post.php HTTP/1.1" 302 -
::1 - - [29/May/2024:22:13:14 +0200] "GET /home.php HTTP/1.1" 200 7825
::1 - - [29/May/2024:22:13:14 +0200] "GET /css/main.css HTTP/1.1" 200 5758
::1 - - [29/May/2024:22:13:14 +0200] "GET /Images/wolf.png HTTP/1.1" 200 59744
::1 - - [29/May/2024:22:13:14 +0200] "GET /css/home.css HTTP/1.1" 200 266
::1 - - [29/May/2024:22:13:14 +0200] "GET /images/wolf.png HTTP/1.1" 200 59744
::1 - - [29/May/2024:22:13:14 +0200] "GET /fonts/Halyard%20Display.ttf HTTP/1.1" 200 98468
::1 - - [29/May/2024:22:13:14 +0200] "GET /images/home.mov HTTP/1.1" 206 41179649
::1 - - [29/May/2024:22:13:14 +0200] "GET /images/home.mov HTTP/1.1" 206 23041
::1 - - [29/May/2024:22:13:14 +0200] "GET /images/home.mov HTTP/1.1" 206 40589825
::1 - - [29/May/2024:22:13:16 +0200] "GET /fonts/Halyard-Display-Light.ttf HTTP/1.1" 200 101716
::1 - - [29/May/2024:22:13:16 +0200] "GET /images/home.mov HTTP/1.1" 206 3627521
::1 - - [29/May/2024:22:13:16 +0200] "GET /images/home.mov HTTP/1.1" 206 2841089
::1 - - [29/May/2024:22:13:19 +0200] "GET /home.php HTTP/1.1" 200 7825
::1 - - [29/May/2024:22:13:19 +0200] "GET /css/main.css HTTP/1.1" 200 5758
::1 - - [29/May/2024:22:13:19 +0200] "GET /css/home.css HTTP/1.1" 200 266
::1 - - [29/May/2024:22:13:19 +0200] "GET /Images/wolf.png HTTP/1.1" 200 59744
::1 - - [29/May/2024:22:13:19 +0200] "GET /images/wolf.png HTTP/1.1" 200 59744
::1 - - [29/May/2024:22:13:19 +0200] "GET /fonts/Halyard%20Display.ttf HTTP/1.1" 200 98468
::1 - - [29/May/2024:22:13:19 +0200] "GET /images/home.mov HTTP/1.1" 206 41179649
::1 - - [29/May/2024:22:13:19 +0200] "GET /images/home.mov HTTP/1.1" 206 23041
::1 - - [29/May/2024:22:13:19 +0200] "GET /images/home.mov HTTP/1.1" 206 40196609
::1 - - [29/May/2024:22:13:19 +0200] "GET /images/home.mov HTTP/1.1" 206 34068993
::1 - - [29/May/2024:22:13:19 +0200] "GET /images/home.mov HTTP/1.1" 206 10639873
::1 - - [29/May/2024:22:13:20 +0200] "GET /fonts/Halyard-Display-Light.ttf HTTP/1.1" 200 101716
::1 - - [29/May/2024:22:15:34 +0200] "GET /images/home.mov HTTP/1.1" 206 36624897
::1 - - [29/May/2024:22:15:38 +0200] "GET /login.php HTTP/1.1" 200 8638
::1 - - [29/May/2024:22:15:38 +0200] "GET /css/main.css HTTP/1.1" 200 5758
::1 - - [29/May/2024:22:15:38 +0200] "GET /css/home.css HTTP/1.1" 200 266
::1 - - [29/May/2024:22:15:38 +0200] "GET /Images/wolf.png HTTP/1.1" 200 59744
::1 - - [29/May/2024:22:15:38 +0200] "GET /images/wolf.png HTTP/1.1" 200 59744
::1 - - [29/May/2024:22:15:38 +0200] "GET /fonts/Halyard%20Display.ttf HTTP/1.1" 200 98468
::1 - - [29/May/2024:22:16:16 +0200] "GET /login.php HTTP/1.1" 200 8638
::1 - - [29/May/2024:22:16:16 +0200] "GET /css/main.css HTTP/1.1" 200 5758
::1 - - [29/May/2024:22:16:16 +0200] "GET /css/home.css HTTP/1.1" 200 266
::1 - - [29/May/2024:22:16:16 +0200] "GET /Images/wolf.png HTTP/1.1" 200 59744
::1 - - [29/May/2024:22:16:16 +0200] "GET /images/wolf.png HTTP/1.1" 200 59744
::1 - - [29/May/2024:22:16:16 +0200] "GET /fonts/Halyard%20Display.ttf HTTP/1.1" 200 98468
::1 - - [29/May/2024:22:16:21 +0200] "GET /login.php HTTP/1.1" 200 8638
::1 - - [29/May/2024:22:16:21 +0200] "GET /css/main.css HTTP/1.1" 200 5758
::1 - - [29/May/2024:22:16:21 +0200] "GET /css/home.css HTTP/1.1" 200 266
::1 - - [29/May/2024:22:16:21 +0200] "GET /Images/wolf.png HTTP/1.1" 200 59744
::1 - - [29/May/2024:22:16:21 +0200] "GET /images/wolf.png HTTP/1.1" 200 59744
::1 - - [29/May/2024:22:16:21 +0200] "GET /fonts/Halyard%20Display.ttf HTTP/1.1" 200 98468
::1 - - [29/May/2024:22:16:38 +0200] "GET /login.php HTTP/1.1" 200 8638
::1 - - [29/May/2024:22:16:38 +0200] "GET /css/main.css HTTP/1.1" 200 5758
::1 - - [29/May/2024:22:16:38 +0200] "GET /css/home.css HTTP/1.1" 200 266
::1 - - [29/May/2024:22:16:38 +0200] "GET /Images/wolf.png HTTP/1.1" 200 59744
::1 - - [29/May/2024:22:16:38 +0200] "GET /images/wolf.png HTTP/1.1" 200 59744
::1 - - [29/May/2024:22:16:38 +0200] "GET /fonts/Halyard%20Display.ttf HTTP/1.1" 200 98468
::1 - - [29/May/2024:22:16:40 +0200] "GET /login.php HTTP/1.1" 200 8638
::1 - - [29/May/2024:22:16:40 +0200] "GET /css/main.css HTTP/1.1" 200 5758
::1 - - [29/May/2024:22:16:40 +0200] "GET /css/home.css HTTP/1.1" 200 266
::1 - - [29/May/2024:22:16:40 +0200] "GET /Images/wolf.png HTTP/1.1" 200 59744
::1 - - [29/May/2024:22:16:40 +0200] "GET /images/wolf.png HTTP/1.1" 200 59744
::1 - - [29/May/2024:22:16:40 +0200] "GET /fonts/Halyard%20Display.ttf HTTP/1.1" 200 98468
::1 - - [29/May/2024:22:16:40 +0200] "GET /favicon.ico HTTP/1.1" 404 209
