[Sat May 25 15:52:33.062671 2024] [mpm_winnt:notice] [pid 33436:tid 852] AH00455: Apache/2.4.6 (Win32) PHP/5.4.17 configured -- resuming normal operations
[Sat May 25 15:52:33.062671 2024] [mpm_winnt:notice] [pid 33436:tid 852] AH00456: Apache Lounge VC10 Server built: Jul 16 2013 11:15:41
[Sat May 25 15:52:33.062671 2024] [core:notice] [pid 33436:tid 852] AH00094: Command line: 'C:\\Users\\Felix\\Desktop\\programming\\USBWebServer_GIP\\USBWebServer_GIP/apache2/bin/httpd_usbwv8.exe -d C:/Users/Felix/Desktop/programming/USBWebServer_GIP/USBWebServer_GIP/apache2'
[Sat May 25 15:52:33.065740 2024] [mpm_winnt:notice] [pid 33436:tid 852] AH00418: Parent: Created child process 21876
[Sat May 25 15:52:33.488142 2024] [mpm_winnt:notice] [pid 21876:tid 840] AH00354: Child: Starting 64 worker threads.
[Sat May 25 16:22:26.255072 2024] [:error] [pid 21876:tid 1336] [client ::1:51614] PHP Notice:  Undefined variable: price in C:\\Users\\Felix\\Desktop\\programming\\USBWebServer_GIP\\USBWebServer_GIP\\root\\shop.php on line 78, referer: http://localhost:8080/shop.php?price=257&minprice=102&maxprice=62
[Sat May 25 16:22:26.255072 2024] [:error] [pid 21876:tid 1336] [client ::1:51614] PHP Notice:  Undefined variable: price in C:\\Users\\Felix\\Desktop\\programming\\USBWebServer_GIP\\USBWebServer_GIP\\root\\shop.php on line 79, referer: http://localhost:8080/shop.php?price=257&minprice=102&maxprice=62
[Sat May 25 16:22:26.255072 2024] [:error] [pid 21876:tid 1336] [client ::1:51614] PHP Notice:  Undefined variable: price in C:\\Users\\Felix\\Desktop\\programming\\USBWebServer_GIP\\USBWebServer_GIP\\root\\shop.php on line 85, referer: http://localhost:8080/shop.php?price=257&minprice=102&maxprice=62
[Sat May 25 16:22:26.255072 2024] [:error] [pid 21876:tid 1336] [client ::1:51614] PHP Notice:  Undefined variable: price in C:\\Users\\Felix\\Desktop\\programming\\USBWebServer_GIP\\USBWebServer_GIP\\root\\shop.php on line 86, referer: http://localhost:8080/shop.php?price=257&minprice=102&maxprice=62
[Sat May 25 16:22:50.937811 2024] [:error] [pid 21876:tid 1348] [client ::1:51638] PHP Notice:  Undefined variable: price in C:\\Users\\Felix\\Desktop\\programming\\USBWebServer_GIP\\USBWebServer_GIP\\root\\shop.php on line 78, referer: http://localhost:8080/shop.php?price=257&minprice=102&maxprice=62
[Sat May 25 16:22:50.937811 2024] [:error] [pid 21876:tid 1348] [client ::1:51638] PHP Notice:  Undefined variable: price in C:\\Users\\Felix\\Desktop\\programming\\USBWebServer_GIP\\USBWebServer_GIP\\root\\shop.php on line 85, referer: http://localhost:8080/shop.php?price=257&minprice=102&maxprice=62
[Sat May 25 16:22:59.102791 2024] [:error] [pid 21876:tid 1320] [client ::1:51647] PHP Notice:  Undefined variable: price in C:\\Users\\Felix\\Desktop\\programming\\USBWebServer_GIP\\USBWebServer_GIP\\root\\shop.php on line 78, referer: http://localhost:8080/shop.php?price=257&minprice=102&maxprice=309
[Sat May 25 16:22:59.102791 2024] [:error] [pid 21876:tid 1320] [client ::1:51647] PHP Notice:  Undefined variable: price in C:\\Users\\Felix\\Desktop\\programming\\USBWebServer_GIP\\USBWebServer_GIP\\root\\shop.php on line 85, referer: http://localhost:8080/shop.php?price=257&minprice=102&maxprice=309
[Sat May 25 16:23:00.395170 2024] [:error] [pid 21876:tid 1336] [client ::1:51649] PHP Notice:  Undefined variable: price in C:\\Users\\Felix\\Desktop\\programming\\USBWebServer_GIP\\USBWebServer_GIP\\root\\shop.php on line 78, referer: http://localhost:8080/shop.php?price=257&minprice=102&maxprice=374
[Sat May 25 16:23:00.395170 2024] [:error] [pid 21876:tid 1336] [client ::1:51649] PHP Notice:  Undefined variable: price in C:\\Users\\Felix\\Desktop\\programming\\USBWebServer_GIP\\USBWebServer_GIP\\root\\shop.php on line 85, referer: http://localhost:8080/shop.php?price=257&minprice=102&maxprice=374
[Sat May 25 16:23:01.196146 2024] [:error] [pid 21876:tid 1320] [client ::1:51647] PHP Notice:  Undefined variable: price in C:\\Users\\Felix\\Desktop\\programming\\USBWebServer_GIP\\USBWebServer_GIP\\root\\shop.php on line 78, referer: http://localhost:8080/shop.php?price=257&minprice=102&maxprice=500
[Sat May 25 16:23:01.196146 2024] [:error] [pid 21876:tid 1320] [client ::1:51647] PHP Notice:  Undefined variable: price in C:\\Users\\Felix\\Desktop\\programming\\USBWebServer_GIP\\USBWebServer_GIP\\root\\shop.php on line 85, referer: http://localhost:8080/shop.php?price=257&minprice=102&maxprice=500
[Sat May 25 16:23:01.974376 2024] [:error] [pid 21876:tid 1336] [client ::1:51649] PHP Notice:  Undefined variable: price in C:\\Users\\Felix\\Desktop\\programming\\USBWebServer_GIP\\USBWebServer_GIP\\root\\shop.php on line 78, referer: http://localhost:8080/shop.php?price=257&minprice=102&maxprice=399
[Sat May 25 16:23:01.974376 2024] [:error] [pid 21876:tid 1336] [client ::1:51649] PHP Notice:  Undefined variable: price in C:\\Users\\Felix\\Desktop\\programming\\USBWebServer_GIP\\USBWebServer_GIP\\root\\shop.php on line 85, referer: http://localhost:8080/shop.php?price=257&minprice=102&maxprice=399
[Sat May 25 16:23:02.806517 2024] [:error] [pid 21876:tid 1320] [client ::1:51647] PHP Notice:  Undefined variable: price in C:\\Users\\Felix\\Desktop\\programming\\USBWebServer_GIP\\USBWebServer_GIP\\root\\shop.php on line 78, referer: http://localhost:8080/shop.php?price=257&minprice=102&maxprice=59
[Sat May 25 16:23:02.806517 2024] [:error] [pid 21876:tid 1320] [client ::1:51647] PHP Notice:  Undefined variable: price in C:\\Users\\Felix\\Desktop\\programming\\USBWebServer_GIP\\USBWebServer_GIP\\root\\shop.php on line 85, referer: http://localhost:8080/shop.php?price=257&minprice=102&maxprice=59
[Sat May 25 16:23:04.605659 2024] [:error] [pid 21876:tid 1336] [client ::1:51649] PHP Notice:  Undefined variable: price in C:\\Users\\Felix\\Desktop\\programming\\USBWebServer_GIP\\USBWebServer_GIP\\root\\shop.php on line 78, referer: http://localhost:8080/shop.php?price=257&minprice=102&maxprice=90
[Sat May 25 16:23:04.606662 2024] [:error] [pid 21876:tid 1336] [client ::1:51649] PHP Notice:  Undefined variable: price in C:\\Users\\Felix\\Desktop\\programming\\USBWebServer_GIP\\USBWebServer_GIP\\root\\shop.php on line 85, referer: http://localhost:8080/shop.php?price=257&minprice=102&maxprice=90
[Sat May 25 16:23:05.748431 2024] [:error] [pid 21876:tid 1320] [client ::1:51647] PHP Notice:  Undefined variable: price in C:\\Users\\Felix\\Desktop\\programming\\USBWebServer_GIP\\USBWebServer_GIP\\root\\shop.php on line 78, referer: http://localhost:8080/shop.php?price=257&minprice=102&maxprice=381
[Sat May 25 16:23:05.748431 2024] [:error] [pid 21876:tid 1320] [client ::1:51647] PHP Notice:  Undefined variable: price in C:\\Users\\Felix\\Desktop\\programming\\USBWebServer_GIP\\USBWebServer_GIP\\root\\shop.php on line 85, referer: http://localhost:8080/shop.php?price=257&minprice=102&maxprice=381
[Sat May 25 16:23:07.267502 2024] [:error] [pid 21876:tid 1336] [client ::1:51649] PHP Notice:  Undefined variable: price in C:\\Users\\Felix\\Desktop\\programming\\USBWebServer_GIP\\USBWebServer_GIP\\root\\shop.php on line 78, referer: http://localhost:8080/shop.php?price=257&minprice=102&maxprice=500
[Sat May 25 16:23:07.267502 2024] [:error] [pid 21876:tid 1336] [client ::1:51649] PHP Notice:  Undefined variable: price in C:\\Users\\Felix\\Desktop\\programming\\USBWebServer_GIP\\USBWebServer_GIP\\root\\shop.php on line 85, referer: http://localhost:8080/shop.php?price=257&minprice=102&maxprice=500
[Sat May 25 16:23:08.765802 2024] [:error] [pid 21876:tid 1320] [client ::1:51647] PHP Notice:  Undefined variable: price in C:\\Users\\Felix\\Desktop\\programming\\USBWebServer_GIP\\USBWebServer_GIP\\root\\shop.php on line 78, referer: http://localhost:8080/shop.php?price=257&minprice=102&maxprice=416
[Sat May 25 16:23:08.765802 2024] [:error] [pid 21876:tid 1320] [client ::1:51647] PHP Notice:  Undefined variable: price in C:\\Users\\Felix\\Desktop\\programming\\USBWebServer_GIP\\USBWebServer_GIP\\root\\shop.php on line 85, referer: http://localhost:8080/shop.php?price=257&minprice=102&maxprice=416
[Sat May 25 16:23:09.796338 2024] [:error] [pid 21876:tid 1328] [client ::1:51650] PHP Notice:  Undefined variable: price in C:\\Users\\Felix\\Desktop\\programming\\USBWebServer_GIP\\USBWebServer_GIP\\root\\shop.php on line 78, referer: http://localhost:8080/shop.php?price=257&minprice=102&maxprice=452
[Sat May 25 16:23:09.796338 2024] [:error] [pid 21876:tid 1328] [client ::1:51650] PHP Notice:  Undefined variable: price in C:\\Users\\Felix\\Desktop\\programming\\USBWebServer_GIP\\USBWebServer_GIP\\root\\shop.php on line 85, referer: http://localhost:8080/shop.php?price=257&minprice=102&maxprice=452
[Sat May 25 16:23:11.635310 2024] [:error] [pid 21876:tid 1348] [client ::1:51651] PHP Notice:  Undefined variable: price in C:\\Users\\Felix\\Desktop\\programming\\USBWebServer_GIP\\USBWebServer_GIP\\root\\shop.php on line 78, referer: http://localhost:8080/shop.php?price=257&minprice=102&maxprice=474
[Sat May 25 16:23:11.635310 2024] [:error] [pid 21876:tid 1348] [client ::1:51651] PHP Notice:  Undefined variable: price in C:\\Users\\Felix\\Desktop\\programming\\USBWebServer_GIP\\USBWebServer_GIP\\root\\shop.php on line 85, referer: http://localhost:8080/shop.php?price=257&minprice=102&maxprice=474
[Sat May 25 16:59:46.616434 2024] [:error] [pid 21876:tid 1348] [client ::1:54263] script 'C:/Users/Felix/Desktop/programming/USBWebServer_GIP/USBWebServer_GIP/root/about.php' not found or unable to stat, referer: http://localhost:8080/archive.php
[Sat May 25 17:01:49.782385 2024] [:error] [pid 21876:tid 1336] [client ::1:54338] PHP Fatal error:  Call to a member function fetch_all() on a non-object in C:\\Users\\Felix\\Desktop\\programming\\USBWebServer_GIP\\USBWebServer_GIP\\root\\shop.php on line 43, referer: http://localhost:8080/shop.php?search=shirt
[Sat May 25 17:04:46.626782 2024] [:error] [pid 21876:tid 1348] [client ::1:54478] PHP Fatal error:  Call to a member function fetch_all() on a non-object in C:\\Users\\Felix\\Desktop\\programming\\USBWebServer_GIP\\USBWebServer_GIP\\root\\shop.php on line 43, referer: http://localhost:8080/shop.php?search=&maxprice=38&minprice=80
[Sat May 25 17:04:56.136935 2024] [:error] [pid 21876:tid 1336] [client ::1:54496] PHP Fatal error:  Call to a member function fetch_all() on a non-object in C:\\Users\\Felix\\Desktop\\programming\\USBWebServer_GIP\\USBWebServer_GIP\\root\\shop.php on line 43, referer: http://localhost:8080/shop.php?search=&maxprice=38&minprice=80
