2023-11-24 00:16:47 16168 [Note] Plugin 'FEDERATED' is disabled.
2023-11-24 00:16:47 16168 [Note] InnoDB: The InnoDB memory heap is disabled
2023-11-24 00:16:47 16168 [Note] InnoDB: Mutexes and rw_locks use Windows interlocked functions
2023-11-24 00:16:47 16168 [Note] InnoDB: Compressed tables use zlib 1.2.3
2023-11-24 00:16:47 16168 [Note] InnoDB: Not using CPU crc32 instructions
2023-11-24 00:16:47 16168 [Note] InnoDB: Initializing buffer pool, size = 128.0M
2023-11-24 00:16:47 16168 [Note] InnoDB: Completed initialization of buffer pool
2023-11-24 00:16:47 16168 [Note] InnoDB: Setting log file C:\Users\aylin\Desktop\USBWebserver v8.6\mysql\data\ib_logfile101 size to 5 MB
2023-11-24 00:16:47 16168 [Note] InnoDB: Setting log file C:\Users\aylin\Desktop\USBWebserver v8.6\mysql\data\ib_logfile1 size to 5 MB
2023-11-24 00:16:47 16168 [Note] InnoDB: Renaming log file C:\Users\aylin\Desktop\USBWebserver v8.6\mysql\data\ib_logfile101 to C:\Users\aylin\Desktop\USBWebserver v8.6\mysql\data\ib_logfile0
2023-11-24 00:16:47 16168 [Warning] InnoDB: New log files created, LSN=1626134
2023-11-24 00:16:47 16168 [Note] InnoDB: Highest supported file format is Barracuda.
2023-11-24 00:16:47 16168 [Note] InnoDB: 128 rollback segment(s) are active.
2023-11-24 00:16:47 16168 [Note] InnoDB: Waiting for purge to start
2023-11-24 00:16:47 16168 [Note] InnoDB: 5.6.13 started; log sequence number 1626636
2023-11-24 00:16:47 16168 [Warning] No existing UUID has been found, so we assume that this is the first time that this server has been started. Generating a new UUID: 5ff73625-8a56-11ee-8399-c84bd63bddf7.
2023-11-24 00:16:47 16168 [Note] Server hostname (bind-address): '*'; port: 3307
2023-11-24 00:16:47 16168 [Note] IPv6 is available.
2023-11-24 00:16:47 16168 [Note]   - '::' resolves to '::';
2023-11-24 00:16:47 16168 [Note] Server socket created on IP: '::'.
2023-11-25 23:48:47 8588 [Note] Plugin 'FEDERATED' is disabled.
2023-11-25 23:48:47 8588 [Note] InnoDB: The InnoDB memory heap is disabled
2023-11-25 23:48:47 8588 [Note] InnoDB: Mutexes and rw_locks use Windows interlocked functions
2023-11-25 23:48:47 8588 [Note] InnoDB: Compressed tables use zlib 1.2.3
2023-11-25 23:48:47 8588 [Note] InnoDB: Not using CPU crc32 instructions
2023-11-25 23:48:47 8588 [Note] InnoDB: Initializing buffer pool, size = 128.0M
2023-11-25 23:48:47 8588 [Note] InnoDB: Completed initialization of buffer pool
2023-11-25 23:48:47 8588 [Note] InnoDB: Highest supported file format is Barracuda.
2023-11-25 23:48:47 8588 [Note] InnoDB: The log sequence numbers 1626134 and 1626134 in ibdata files do not match the log sequence number 1626646 in the ib_logfiles!
2023-11-25 23:48:47 8588 [Note] InnoDB: Database was not shutdown normally!
2023-11-25 23:48:47 8588 [Note] InnoDB: Starting crash recovery.
2023-11-25 23:48:47 8588 [Note] InnoDB: Reading tablespace information from the .ibd files...
2023-11-25 23:48:47 8588 [Note] InnoDB: Restoring possible half-written data pages 
2023-11-25 23:48:47 8588 [Note] InnoDB: from the doublewrite buffer...
2023-11-25 23:48:47 8588 [Note] InnoDB: 128 rollback segment(s) are active.
2023-11-25 23:48:47 8588 [Note] InnoDB: Waiting for purge to start
2023-11-25 23:48:47 8588 [Note] InnoDB: 5.6.13 started; log sequence number 1626646
2023-11-25 23:48:47 8588 [Note] Server hostname (bind-address): '*'; port: 3307
2023-11-25 23:48:47 8588 [Note] IPv6 is available.
2023-11-25 23:48:47 8588 [Note]   - '::' resolves to '::';
2023-11-25 23:48:47 8588 [Note] Server socket created on IP: '::'.
2024-01-18 02:10:47 2468 [Note] Plugin 'FEDERATED' is disabled.
2024-01-18 02:10:47 2468 [Note] InnoDB: The InnoDB memory heap is disabled
2024-01-18 02:10:47 2468 [Note] InnoDB: Mutexes and rw_locks use Windows interlocked functions
2024-01-18 02:10:47 2468 [Note] InnoDB: Compressed tables use zlib 1.2.3
2024-01-18 02:10:47 2468 [Note] InnoDB: Not using CPU crc32 instructions
2024-01-18 02:10:47 2468 [Note] InnoDB: Initializing buffer pool, size = 128.0M
2024-01-18 02:10:47 2468 [Note] InnoDB: Completed initialization of buffer pool
2024-01-18 02:10:47 2468 [Note] InnoDB: Highest supported file format is Barracuda.
2024-01-18 02:10:47 2468 [Note] InnoDB: The log sequence numbers 1626134 and 1626134 in ibdata files do not match the log sequence number 1626656 in the ib_logfiles!
2024-01-18 02:10:47 2468 [Note] InnoDB: Database was not shutdown normally!
2024-01-18 02:10:47 2468 [Note] InnoDB: Starting crash recovery.
2024-01-18 02:10:47 2468 [Note] InnoDB: Reading tablespace information from the .ibd files...
2024-01-18 02:10:47 2468 [Note] InnoDB: Restoring possible half-written data pages 
2024-01-18 02:10:47 2468 [Note] InnoDB: from the doublewrite buffer...
2024-01-18 02:10:47 2468 [Note] InnoDB: 128 rollback segment(s) are active.
2024-01-18 02:10:47 2468 [Note] InnoDB: Waiting for purge to start
2024-01-18 02:10:47 2468 [Note] InnoDB: 5.6.13 started; log sequence number 1626656
2024-01-18 02:10:47 2468 [Note] Server hostname (bind-address): '*'; port: 3307
2024-01-18 02:10:47 2468 [Note] IPv6 is available.
2024-01-18 02:10:47 2468 [Note]   - '::' resolves to '::';
2024-01-18 02:10:47 2468 [Note] Server socket created on IP: '::'.
2024-01-22 00:53:28 3024 [Note] Plugin 'FEDERATED' is disabled.
2024-01-22 00:53:28 3024 [Note] InnoDB: The InnoDB memory heap is disabled
2024-01-22 00:53:28 3024 [Note] InnoDB: Mutexes and rw_locks use Windows interlocked functions
2024-01-22 00:53:28 3024 [Note] InnoDB: Compressed tables use zlib 1.2.3
2024-01-22 00:53:28 3024 [Note] InnoDB: Not using CPU crc32 instructions
2024-01-22 00:53:28 3024 [Note] InnoDB: Initializing buffer pool, size = 128.0M
2024-01-22 00:53:28 3024 [Note] InnoDB: Completed initialization of buffer pool
2024-01-22 00:53:28 3024 [Note] InnoDB: Highest supported file format is Barracuda.
2024-01-22 00:53:28 3024 [Note] InnoDB: The log sequence numbers 1626134 and 1626134 in ibdata files do not match the log sequence number 1659676 in the ib_logfiles!
2024-01-22 00:53:28 3024 [Note] InnoDB: Database was not shutdown normally!
2024-01-22 00:53:28 3024 [Note] InnoDB: Starting crash recovery.
2024-01-22 00:53:28 3024 [Note] InnoDB: Reading tablespace information from the .ibd files...
2024-01-22 00:53:28 3024 [Note] InnoDB: Restoring possible half-written data pages 
2024-01-22 00:53:28 3024 [Note] InnoDB: from the doublewrite buffer...
2024-01-22 00:53:29 3024 [Note] InnoDB: 128 rollback segment(s) are active.
2024-01-22 00:53:29 3024 [Note] InnoDB: Waiting for purge to start
2024-01-22 00:53:29 3024 [Note] InnoDB: 5.6.13 started; log sequence number 1659676
2024-01-22 00:53:29 3024 [Note] Server hostname (bind-address): '*'; port: 3307
2024-01-22 00:53:29 3024 [Note] IPv6 is available.
2024-01-22 00:53:29 3024 [Note]   - '::' resolves to '::';
2024-01-22 00:53:29 3024 [Note] Server socket created on IP: '::'.
2024-01-22 00:53:43 20012 [Note] Plugin 'FEDERATED' is disabled.
2024-01-22 00:53:43 20012 [Note] InnoDB: The InnoDB memory heap is disabled
2024-01-22 00:53:43 20012 [Note] InnoDB: Mutexes and rw_locks use Windows interlocked functions
2024-01-22 00:53:43 20012 [Note] InnoDB: Compressed tables use zlib 1.2.3
2024-01-22 00:53:43 20012 [Note] InnoDB: Not using CPU crc32 instructions
2024-01-22 00:53:43 20012 [Note] InnoDB: Initializing buffer pool, size = 128.0M
2024-01-22 00:53:43 20012 [Note] InnoDB: Completed initialization of buffer pool
2024-01-22 00:53:43 20012 [ERROR] InnoDB: C:\Users\aylin\Desktop\USBWebServer_GIP\mysql\data\ibdata1 can't be opened in read-write mode
2024-01-22 00:53:43 20012 [ERROR] InnoDB: The system tablespace must be writable!
2024-01-22 00:53:43 20012 [ERROR] Plugin 'InnoDB' init function returned error.
2024-01-22 00:53:43 20012 [ERROR] Plugin 'InnoDB' registration as a STORAGE ENGINE failed.
2024-01-22 00:53:43 20012 [ERROR] Unknown/unsupported storage engine: InnoDB
2024-01-22 00:53:43 20012 [ERROR] Aborting

2024-01-22 00:53:43 20012 [Note] Binlog end
2024-01-22 00:53:43 20012 [Note] Shutting down plugin 'partition'
2024-01-22 00:53:43 20012 [Note] Shutting down plugin 'PERFORMANCE_SCHEMA'
2024-01-22 00:53:43 20012 [Note] Shutting down plugin 'INNODB_SYS_DATAFILES'
2024-01-22 00:53:43 20012 [Note] Shutting down plugin 'INNODB_SYS_TABLESPACES'
2024-01-22 00:53:43 20012 [Note] Shutting down plugin 'INNODB_SYS_FOREIGN_COLS'
2024-01-22 00:53:43 20012 [Note] Shutting down plugin 'INNODB_SYS_FOREIGN'
2024-01-22 00:53:43 20012 [Note] Shutting down plugin 'INNODB_SYS_FIELDS'
2024-01-22 00:53:43 20012 [Note] Shutting down plugin 'INNODB_SYS_COLUMNS'
2024-01-22 00:53:43 20012 [Note] Shutting down plugin 'INNODB_SYS_INDEXES'
2024-01-22 00:53:43 20012 [Note] Shutting down plugin 'INNODB_SYS_TABLESTATS'
2024-01-22 00:53:43 20012 [Note] Shutting down plugin 'INNODB_SYS_TABLES'
2024-01-22 00:53:43 20012 [Note] Shutting down plugin 'INNODB_FT_INDEX_TABLE'
2024-01-22 00:53:43 20012 [Note] Shutting down plugin 'INNODB_FT_INDEX_CACHE'
2024-01-22 00:53:43 20012 [Note] Shutting down plugin 'INNODB_FT_CONFIG'
2024-01-22 00:53:43 20012 [Note] Shutting down plugin 'INNODB_FT_BEING_DELETED'
2024-01-22 00:53:43 20012 [Note] Shutting down plugin 'INNODB_FT_DELETED'
2024-01-22 00:53:43 20012 [Note] Shutting down plugin 'INNODB_FT_DEFAULT_STOPWORD'
2024-01-22 00:53:43 20012 [Note] Shutting down plugin 'INNODB_METRICS'
2024-01-22 00:53:43 20012 [Note] Shutting down plugin 'INNODB_BUFFER_POOL_STATS'
2024-01-22 00:53:43 20012 [Note] Shutting down plugin 'INNODB_BUFFER_PAGE_LRU'
2024-01-22 00:53:43 20012 [Note] Shutting down plugin 'INNODB_BUFFER_PAGE'
2024-01-22 00:53:43 20012 [Note] Shutting down plugin 'INNODB_CMP_PER_INDEX_RESET'
2024-01-22 00:53:43 20012 [Note] Shutting down plugin 'INNODB_CMP_PER_INDEX'
2024-01-22 00:53:43 20012 [Note] Shutting down plugin 'INNODB_CMPMEM_RESET'
2024-01-22 00:53:43 20012 [Note] Shutting down plugin 'INNODB_CMPMEM'
2024-01-22 00:53:43 20012 [Note] Shutting down plugin 'INNODB_CMP_RESET'
2024-01-22 00:53:43 20012 [Note] Shutting down plugin 'INNODB_CMP'
2024-01-22 00:53:43 20012 [Note] Shutting down plugin 'INNODB_LOCK_WAITS'
2024-01-22 00:53:43 20012 [Note] Shutting down plugin 'INNODB_LOCKS'
2024-01-22 00:53:43 20012 [Note] Shutting down plugin 'INNODB_TRX'
2024-01-22 00:53:43 20012 [Note] Shutting down plugin 'BLACKHOLE'
2024-01-22 00:53:43 20012 [Note] Shutting down plugin 'ARCHIVE'
2024-01-22 00:53:43 20012 [Note] Shutting down plugin 'MRG_MYISAM'
2024-01-22 00:53:43 20012 [Note] Shutting down plugin 'MyISAM'
2024-01-22 00:53:43 20012 [Note] Shutting down plugin 'MEMORY'
2024-01-22 00:53:43 20012 [Note] Shutting down plugin 'CSV'
2024-01-22 00:53:43 20012 [Note] Shutting down plugin 'sha256_password'
2024-01-22 00:53:43 20012 [Note] Shutting down plugin 'mysql_old_password'
2024-01-22 00:53:43 20012 [Note] Shutting down plugin 'mysql_native_password'
2024-01-22 00:53:43 20012 [Note] Shutting down plugin 'binlog'
2024-01-22 00:53:43 20012 [Note] C:\Users\aylin\Desktop\USBWebServer_GIP/mysql/bin/mysqld_usbwv8.exe: Shutdown complete

2024-01-22 00:54:02 804 [Note] Plugin 'FEDERATED' is disabled.
2024-01-22 00:54:02 804 [Note] InnoDB: The InnoDB memory heap is disabled
2024-01-22 00:54:02 804 [Note] InnoDB: Mutexes and rw_locks use Windows interlocked functions
2024-01-22 00:54:02 804 [Note] InnoDB: Compressed tables use zlib 1.2.3
2024-01-22 00:54:02 804 [Note] InnoDB: Not using CPU crc32 instructions
2024-01-22 00:54:02 804 [Note] InnoDB: Initializing buffer pool, size = 128.0M
2024-01-22 00:54:02 804 [Note] InnoDB: Completed initialization of buffer pool
2024-01-22 00:54:02 804 [Note] InnoDB: Highest supported file format is Barracuda.
2024-01-22 00:54:02 804 [Note] InnoDB: The log sequence numbers 1626134 and 1626134 in ibdata files do not match the log sequence number 1659686 in the ib_logfiles!
2024-01-22 00:54:02 804 [Note] InnoDB: Database was not shutdown normally!
2024-01-22 00:54:02 804 [Note] InnoDB: Starting crash recovery.
2024-01-22 00:54:02 804 [Note] InnoDB: Reading tablespace information from the .ibd files...
2024-01-22 00:54:02 804 [Note] InnoDB: Restoring possible half-written data pages 
2024-01-22 00:54:02 804 [Note] InnoDB: from the doublewrite buffer...
2024-01-22 00:54:03 804 [Note] InnoDB: 128 rollback segment(s) are active.
2024-01-22 00:54:03 804 [Note] InnoDB: Waiting for purge to start
2024-01-22 00:54:03 804 [Note] InnoDB: 5.6.13 started; log sequence number 1659686
2024-01-22 00:54:03 804 [Note] Server hostname (bind-address): '*'; port: 3307
2024-01-22 00:54:03 804 [Note] IPv6 is available.
2024-01-22 00:54:03 804 [Note]   - '::' resolves to '::';
2024-01-22 00:54:03 804 [Note] Server socket created on IP: '::'.
2024-02-27 18:38:00 35572 [Note] Plugin 'FEDERATED' is disabled.
2024-02-27 18:38:00 35572 [Note] InnoDB: The InnoDB memory heap is disabled
2024-02-27 18:38:00 35572 [Note] InnoDB: Mutexes and rw_locks use Windows interlocked functions
2024-02-27 18:38:00 35572 [Note] InnoDB: Compressed tables use zlib 1.2.3
2024-02-27 18:38:00 35572 [Note] InnoDB: Not using CPU crc32 instructions
2024-02-27 18:38:00 35572 [Note] InnoDB: Initializing buffer pool, size = 128.0M
2024-02-27 18:38:00 35572 [Note] InnoDB: Completed initialization of buffer pool
2024-02-27 18:38:00 35572 [Note] InnoDB: Highest supported file format is Barracuda.
2024-02-27 18:38:00 35572 [Note] InnoDB: The log sequence numbers 1626134 and 1626134 in ibdata files do not match the log sequence number 1686008 in the ib_logfiles!
2024-02-27 18:38:00 35572 [Note] InnoDB: Database was not shutdown normally!
2024-02-27 18:38:00 35572 [Note] InnoDB: Starting crash recovery.
2024-02-27 18:38:00 35572 [Note] InnoDB: Reading tablespace information from the .ibd files...
2024-02-27 18:38:00 35572 [Note] InnoDB: Restoring possible half-written data pages 
2024-02-27 18:38:00 35572 [Note] InnoDB: from the doublewrite buffer...
2024-02-27 18:38:00 35572 [Note] InnoDB: 128 rollback segment(s) are active.
2024-02-27 18:38:00 35572 [Note] InnoDB: Waiting for purge to start
2024-02-27 18:38:00 35572 [Note] InnoDB: 5.6.13 started; log sequence number 1686008
2024-02-27 18:38:00 35572 [Note] Server hostname (bind-address): '*'; port: 3307
2024-02-27 18:38:00 35572 [Note] IPv6 is available.
2024-02-27 18:38:00 35572 [Note]   - '::' resolves to '::';
2024-02-27 18:38:00 35572 [Note] Server socket created on IP: '::'.
2024-02-27 20:18:09 31220 [Note] Plugin 'FEDERATED' is disabled.
2024-02-27 20:18:09 31220 [Note] InnoDB: The InnoDB memory heap is disabled
2024-02-27 20:18:09 31220 [Note] InnoDB: Mutexes and rw_locks use Windows interlocked functions
2024-02-27 20:18:09 31220 [Note] InnoDB: Compressed tables use zlib 1.2.3
2024-02-27 20:18:09 31220 [Note] InnoDB: Not using CPU crc32 instructions
2024-02-27 20:18:09 31220 [Note] InnoDB: Initializing buffer pool, size = 128.0M
2024-02-27 20:18:09 31220 [Note] InnoDB: Completed initialization of buffer pool
2024-02-27 20:18:09 31220 [Note] InnoDB: Highest supported file format is Barracuda.
2024-02-27 20:18:09 31220 [Note] InnoDB: The log sequence numbers 1626134 and 1626134 in ibdata files do not match the log sequence number 1727337 in the ib_logfiles!
2024-02-27 20:18:09 31220 [Note] InnoDB: Database was not shutdown normally!
2024-02-27 20:18:09 31220 [Note] InnoDB: Starting crash recovery.
2024-02-27 20:18:09 31220 [Note] InnoDB: Reading tablespace information from the .ibd files...
2024-02-27 20:18:09 31220 [Note] InnoDB: Restoring possible half-written data pages 
2024-02-27 20:18:09 31220 [Note] InnoDB: from the doublewrite buffer...
2024-02-27 20:18:09 31220 [Note] InnoDB: 128 rollback segment(s) are active.
2024-02-27 20:18:09 31220 [Note] InnoDB: Waiting for purge to start
2024-02-27 20:18:09 31220 [Note] InnoDB: 5.6.13 started; log sequence number 1727337
2024-02-27 20:18:09 31220 [Note] Server hostname (bind-address): '*'; port: 3307
2024-02-27 20:18:09 31220 [Note] IPv6 is available.
2024-02-27 20:18:09 31220 [Note]   - '::' resolves to '::';
2024-02-27 20:18:09 31220 [Note] Server socket created on IP: '::'.
2024-02-28 20:01:28 43840 [Note] Plugin 'FEDERATED' is disabled.
2024-02-28 20:01:28 43840 [Note] InnoDB: The InnoDB memory heap is disabled
2024-02-28 20:01:28 43840 [Note] InnoDB: Mutexes and rw_locks use Windows interlocked functions
2024-02-28 20:01:28 43840 [Note] InnoDB: Compressed tables use zlib 1.2.3
2024-02-28 20:01:28 43840 [Note] InnoDB: Not using CPU crc32 instructions
2024-02-28 20:01:28 43840 [Note] InnoDB: Initializing buffer pool, size = 128.0M
2024-02-28 20:01:28 43840 [Note] InnoDB: Completed initialization of buffer pool
2024-02-28 20:01:28 43840 [Note] InnoDB: Highest supported file format is Barracuda.
2024-02-28 20:01:28 43840 [Note] InnoDB: The log sequence numbers 1626134 and 1626134 in ibdata files do not match the log sequence number 1738537 in the ib_logfiles!
2024-02-28 20:01:28 43840 [Note] InnoDB: Database was not shutdown normally!
2024-02-28 20:01:28 43840 [Note] InnoDB: Starting crash recovery.
2024-02-28 20:01:28 43840 [Note] InnoDB: Reading tablespace information from the .ibd files...
2024-02-28 20:01:28 43840 [Note] InnoDB: Restoring possible half-written data pages 
2024-02-28 20:01:28 43840 [Note] InnoDB: from the doublewrite buffer...
2024-02-28 20:01:28 43840 [Note] InnoDB: 128 rollback segment(s) are active.
2024-02-28 20:01:28 43840 [Note] InnoDB: Waiting for purge to start
2024-02-28 20:01:28 43840 [Note] InnoDB: 5.6.13 started; log sequence number 1738537
2024-02-28 20:01:28 43840 [Note] Server hostname (bind-address): '*'; port: 3307
2024-02-28 20:01:28 43840 [Note] IPv6 is available.
2024-02-28 20:01:28 43840 [Note]   - '::' resolves to '::';
2024-02-28 20:01:28 43840 [Note] Server socket created on IP: '::'.
2024-02-28 20:30:28 43140 [Note] Plugin 'FEDERATED' is disabled.
2024-02-28 20:30:28 43140 [Note] InnoDB: The InnoDB memory heap is disabled
2024-02-28 20:30:28 43140 [Note] InnoDB: Mutexes and rw_locks use Windows interlocked functions
2024-02-28 20:30:28 43140 [Note] InnoDB: Compressed tables use zlib 1.2.3
2024-02-28 20:30:28 43140 [Note] InnoDB: Not using CPU crc32 instructions
2024-02-28 20:30:28 43140 [Note] InnoDB: Initializing buffer pool, size = 128.0M
2024-02-28 20:30:28 43140 [Note] InnoDB: Completed initialization of buffer pool
2024-02-28 20:30:28 43140 [Note] InnoDB: Highest supported file format is Barracuda.
2024-02-28 20:30:28 43140 [Note] InnoDB: The log sequence numbers 1626134 and 1626134 in ibdata files do not match the log sequence number 1738649 in the ib_logfiles!
2024-02-28 20:30:28 43140 [Note] InnoDB: Database was not shutdown normally!
2024-02-28 20:30:28 43140 [Note] InnoDB: Starting crash recovery.
2024-02-28 20:30:28 43140 [Note] InnoDB: Reading tablespace information from the .ibd files...
2024-02-28 20:30:28 43140 [Note] InnoDB: Restoring possible half-written data pages 
2024-02-28 20:30:28 43140 [Note] InnoDB: from the doublewrite buffer...
2024-02-28 20:30:28 43140 [Note] InnoDB: 128 rollback segment(s) are active.
2024-02-28 20:30:28 43140 [Note] InnoDB: Waiting for purge to start
2024-02-28 20:30:28 43140 [Note] InnoDB: 5.6.13 started; log sequence number 1738649
2024-02-28 20:30:28 43140 [Note] Server hostname (bind-address): '*'; port: 3307
2024-02-28 20:30:28 43140 [Note] IPv6 is available.
2024-02-28 20:30:28 43140 [Note]   - '::' resolves to '::';
2024-02-28 20:30:28 43140 [Note] Server socket created on IP: '::'.
